[2025-06-29 11:17:04] ERROR - IP: ::1 - Usuario: Anónimo - Error PHP: [2] include(views/layout/header.php): Failed to open stream: No such file or directory en C:\wamp64\www\sorteo_system\public\index.php línea 168 - Contexto: []
[2025-06-29 11:17:04] ERROR - IP: ::1 - Usuario: Anónimo - Error PHP: [2] include(): Failed opening 'views/layout/header.php' for inclusion (include_path='.;C:\php\pear') en C:\wamp64\www\sorteo_system\public\index.php línea 168 - Contexto: []
[2025-06-29 11:17:04] ERROR - IP: ::1 - Usuario: Anónimo - Error PHP: [2] include(views/layout/footer.php): Failed to open stream: No such file or directory en C:\wamp64\www\sorteo_system\public\index.php línea 187 - Contexto: []
[2025-06-29 11:17:04] ERROR - IP: ::1 - Usuario: Anónimo - Error PHP: [2] include(): Failed opening 'views/layout/footer.php' for inclusion (include_path='.;C:\php\pear') en C:\wamp64\www\sorteo_system\public\index.php línea 187 - Contexto: []
[2025-06-29 11:17:04] DEBUG - IP: ::1 - Usuario: Anónimo - Acceso a página - Contexto: {"uri":"public","controller":"public","action":"login","user":"An\u00f3nimo","ip":"::1"}
[2025-06-29 11:17:21] ERROR - IP: ::1 - Usuario: Anónimo - Error PHP: [2] include(views/layout/header.php): Failed to open stream: No such file or directory en C:\wamp64\www\sorteo_system\public\index.php línea 168 - Contexto: []
[2025-06-29 11:17:21] ERROR - IP: ::1 - Usuario: Anónimo - Error PHP: [2] include(): Failed opening 'views/layout/header.php' for inclusion (include_path='.;C:\php\pear') en C:\wamp64\www\sorteo_system\public\index.php línea 168 - Contexto: []
[2025-06-29 11:17:21] ERROR - IP: ::1 - Usuario: Anónimo - Error PHP: [2] include(views/layout/footer.php): Failed to open stream: No such file or directory en C:\wamp64\www\sorteo_system\public\index.php línea 187 - Contexto: []
[2025-06-29 11:17:21] ERROR - IP: ::1 - Usuario: Anónimo - Error PHP: [2] include(): Failed opening 'views/layout/footer.php' for inclusion (include_path='.;C:\php\pear') en C:\wamp64\www\sorteo_system\public\index.php línea 187 - Contexto: []
[2025-06-29 11:17:21] DEBUG - IP: ::1 - Usuario: Anónimo - Acceso a página - Contexto: {"uri":"public","controller":"public","action":"login","user":"An\u00f3nimo","ip":"::1"}
[2025-06-29 11:17:33] ERROR - IP: ::1 - Usuario: Anónimo - Error PHP: [2] include(views/layout/header.php): Failed to open stream: No such file or directory en C:\wamp64\www\sorteo_system\public\index.php línea 168 - Contexto: []
[2025-06-29 11:17:33] ERROR - IP: ::1 - Usuario: Anónimo - Error PHP: [2] include(): Failed opening 'views/layout/header.php' for inclusion (include_path='.;C:\php\pear') en C:\wamp64\www\sorteo_system\public\index.php línea 168 - Contexto: []
[2025-06-29 11:17:33] ERROR - IP: ::1 - Usuario: Anónimo - Error PHP: [2] include(views/layout/footer.php): Failed to open stream: No such file or directory en C:\wamp64\www\sorteo_system\public\index.php línea 187 - Contexto: []
[2025-06-29 11:17:33] ERROR - IP: ::1 - Usuario: Anónimo - Error PHP: [2] include(): Failed opening 'views/layout/footer.php' for inclusion (include_path='.;C:\php\pear') en C:\wamp64\www\sorteo_system\public\index.php línea 187 - Contexto: []
[2025-06-29 11:17:33] DEBUG - IP: ::1 - Usuario: Anónimo - Acceso a página - Contexto: {"uri":"public","controller":"public","action":"login","user":"An\u00f3nimo","ip":"::1"}
[2025-06-29 11:18:05] ERROR - IP: ::1 - Usuario: Anónimo - Error PHP: [2] include(views/layout/header.php): Failed to open stream: No such file or directory en C:\wamp64\www\sorteo_system\public\index.php línea 168 - Contexto: []
[2025-06-29 11:18:05] ERROR - IP: ::1 - Usuario: Anónimo - Error PHP: [2] include(): Failed opening 'views/layout/header.php' for inclusion (include_path='.;C:\php\pear') en C:\wamp64\www\sorteo_system\public\index.php línea 168 - Contexto: []
[2025-06-29 11:18:05] ERROR - IP: ::1 - Usuario: Anónimo - Error PHP: [2] include(views/layout/footer.php): Failed to open stream: No such file or directory en C:\wamp64\www\sorteo_system\public\index.php línea 187 - Contexto: []
[2025-06-29 11:18:05] ERROR - IP: ::1 - Usuario: Anónimo - Error PHP: [2] include(): Failed opening 'views/layout/footer.php' for inclusion (include_path='.;C:\php\pear') en C:\wamp64\www\sorteo_system\public\index.php línea 187 - Contexto: []
[2025-06-29 11:18:05] DEBUG - IP: ::1 - Usuario: Anónimo - Acceso a página - Contexto: {"uri":"public","controller":"public","action":"login","user":"An\u00f3nimo","ip":"::1"}
[2025-06-29 11:42:54] ERROR - IP: ::1 - Usuario: Anónimo - Error PHP: [2] include(views/layout/header.php): Failed to open stream: No such file or directory en C:\wamp64\www\sorteo_system\public\index.php línea 168 - Contexto: []
[2025-06-29 11:42:54] ERROR - IP: ::1 - Usuario: Anónimo - Error PHP: [2] include(): Failed opening 'views/layout/header.php' for inclusion (include_path='.;C:\php\pear') en C:\wamp64\www\sorteo_system\public\index.php línea 168 - Contexto: []
[2025-06-29 11:42:54] ERROR - IP: ::1 - Usuario: Anónimo - Error PHP: [2] include(views/layout/footer.php): Failed to open stream: No such file or directory en C:\wamp64\www\sorteo_system\public\index.php línea 187 - Contexto: []
[2025-06-29 11:42:54] ERROR - IP: ::1 - Usuario: Anónimo - Error PHP: [2] include(): Failed opening 'views/layout/footer.php' for inclusion (include_path='.;C:\php\pear') en C:\wamp64\www\sorteo_system\public\index.php línea 187 - Contexto: []
[2025-06-29 11:42:54] DEBUG - IP: ::1 - Usuario: Anónimo - Acceso a página - Contexto: {"uri":"public","controller":"public","action":"login","user":"An\u00f3nimo","ip":"::1"}
